<?xml version="1.0" encoding="UTF-8"?>
<coverage generated="1649844581">
  <project timestamp="1649844581">
    <file name="/Users/yzen.dev/Projects/opensource/plain-to-class/src/Attributes/ConvertArray.php">
      <class name="ClassTransformer\Attributes\ConvertArray" namespace="global">
        <metrics complexity="0" methods="0" coveredmethods="0" conditionals="0" coveredconditionals="0" statements="0" coveredstatements="0" elements="0" coveredelements="0"/>
      </class>
      <metrics loc="11" ncloc="11" classes="0" methods="0" coveredmethods="0" conditionals="0" coveredconditionals="0" statements="0" coveredstatements="0" elements="0" coveredelements="0"/>
    </file>
    <file name="/Users/yzen.dev/Projects/opensource/plain-to-class/src/Attributes/WritingStyle.php">
      <class name="ClassTransformer\Attributes\WritingStyle" namespace="global">
        <metrics complexity="0" methods="0" coveredmethods="0" conditionals="0" coveredconditionals="0" statements="0" coveredstatements="0" elements="0" coveredelements="0"/>
      </class>
      <metrics loc="23" ncloc="16" classes="0" methods="0" coveredmethods="0" conditionals="0" coveredconditionals="0" statements="0" coveredstatements="0" elements="0" coveredelements="0"/>
    </file>
    <file name="/Users/yzen.dev/Projects/opensource/plain-to-class/src/ClassTransformer.php">
      <class name="ClassTransformer\ClassTransformer" namespace="global">
        <metrics complexity="14" methods="4" coveredmethods="3" conditionals="0" coveredconditionals="0" statements="24" coveredstatements="23" elements="28" coveredelements="26"/>
      </class>
      <line num="33" type="method" name="transform" visibility="public" complexity="6" crap="6" count="27"/>
      <line num="35" type="stmt" count="27"/>
      <line num="36" type="stmt" count="23"/>
      <line num="39" type="stmt" count="4"/>
      <line num="40" type="stmt" count="1"/>
      <line num="42" type="stmt" count="3"/>
      <line num="43" type="stmt" count="1"/>
      <line num="45" type="stmt" count="2"/>
      <line num="46" type="stmt" count="1"/>
      <line num="49" type="stmt" count="1"/>
      <line num="61" type="method" name="anonymousArrayConverting" visibility="private" complexity="2" crap="2" count="1"/>
      <line num="63" type="stmt" count="1"/>
      <line num="64" type="stmt" count="1"/>
      <line num="65" type="stmt" count="1"/>
      <line num="67" type="stmt" count="1"/>
      <line num="79" type="method" name="extractArrayConverting" visibility="private" complexity="2" crap="2" count="1"/>
      <line num="81" type="stmt" count="1"/>
      <line num="82" type="stmt" count="1"/>
      <line num="83" type="stmt" count="1"/>
      <line num="85" type="stmt" count="1"/>
      <line num="97" type="method" name="dataConverting" visibility="private" complexity="4" crap="4.05" count="25"/>
      <line num="99" type="stmt" count="25"/>
      <line num="100" type="stmt" count="0"/>
      <line num="103" type="stmt" count="25"/>
      <line num="104" type="stmt" count="2"/>
      <line num="107" type="stmt" count="23"/>
      <line num="108" type="stmt" count="1"/>
      <line num="110" type="stmt" count="22"/>
      <metrics loc="113" ncloc="70" classes="1" methods="4" coveredmethods="3" conditionals="0" coveredconditionals="0" statements="24" coveredstatements="23" elements="28" coveredelements="26"/>
    </file>
    <file name="/Users/yzen.dev/Projects/opensource/plain-to-class/src/DTO/Property.php">
      <class name="ClassTransformer\DTO\Property" namespace="global">
        <metrics complexity="10" methods="6" coveredmethods="6" conditionals="0" coveredconditionals="0" statements="16" coveredstatements="16" elements="22" coveredelements="22"/>
      </class>
      <line num="22" type="method" name="__construct" visibility="public" complexity="1" crap="1" count="22"/>
      <line num="24" type="stmt" count="22"/>
      <line num="30" type="method" name="getType" visibility="public" complexity="1" crap="1" count="21"/>
      <line num="32" type="stmt" count="21"/>
      <line num="38" type="method" name="getTypes" visibility="public" complexity="5" crap="5" count="21"/>
      <line num="40" type="stmt" count="21"/>
      <line num="41" type="stmt" count="21"/>
      <line num="42" type="stmt" count="2"/>
      <line num="43" type="stmt" count="2"/>
      <line num="44" type="stmt" count="2"/>
      <line num="46" type="stmt" count="2"/>
      <line num="49" type="stmt" count="21"/>
      <line num="50" type="stmt" count="18"/>
      <line num="53" type="stmt" count="21"/>
      <line num="54" type="stmt" count="11"/>
      <line num="56" type="stmt" count="21"/>
      <line num="62" type="method" name="isScalar" visibility="public" complexity="1" crap="1" count="21"/>
      <line num="64" type="stmt" count="21"/>
      <line num="70" type="method" name="isArray" visibility="public" complexity="1" crap="1" count="12"/>
      <line num="72" type="stmt" count="12"/>
      <line num="77" type="method" name="getDocComment" visibility="public" complexity="1" crap="1" count="5"/>
      <line num="79" type="stmt" count="5"/>
      <metrics loc="82" ncloc="60" classes="1" methods="6" coveredmethods="6" conditionals="0" coveredconditionals="0" statements="16" coveredstatements="16" elements="22" coveredelements="22"/>
    </file>
    <file name="/Users/yzen.dev/Projects/opensource/plain-to-class/src/Exceptions/ClassNotFoundException.php">
      <class name="ClassTransformer\Exceptions\ClassNotFoundException" namespace="global">
        <metrics complexity="0" methods="0" coveredmethods="0" conditionals="0" coveredconditionals="0" statements="0" coveredstatements="0" elements="0" coveredelements="0"/>
      </class>
      <metrics loc="8" ncloc="8" classes="0" methods="0" coveredmethods="0" conditionals="0" coveredconditionals="0" statements="0" coveredstatements="0" elements="0" coveredelements="0"/>
    </file>
    <file name="/Users/yzen.dev/Projects/opensource/plain-to-class/src/Exceptions/InvalidArgumentException.php">
      <class name="ClassTransformer\Exceptions\InvalidArgumentException" namespace="global">
        <metrics complexity="0" methods="0" coveredmethods="0" conditionals="0" coveredconditionals="0" statements="0" coveredstatements="0" elements="0" coveredelements="0"/>
      </class>
      <metrics loc="8" ncloc="8" classes="0" methods="0" coveredmethods="0" conditionals="0" coveredconditionals="0" statements="0" coveredstatements="0" elements="0" coveredelements="0"/>
    </file>
    <file name="/Users/yzen.dev/Projects/opensource/plain-to-class/src/Exceptions/ValueNotFoundException.php">
      <class name="ClassTransformer\Exceptions\ValueNotFoundException" namespace="global">
        <metrics complexity="0" methods="0" coveredmethods="0" conditionals="0" coveredconditionals="0" statements="0" coveredstatements="0" elements="0" coveredelements="0"/>
      </class>
      <metrics loc="8" ncloc="8" classes="0" methods="0" coveredmethods="0" conditionals="0" coveredconditionals="0" statements="0" coveredstatements="0" elements="0" coveredelements="0"/>
    </file>
    <file name="/Users/yzen.dev/Projects/opensource/plain-to-class/src/PropertyHelper.php">
      <class name="ClassTransformer\PropertyHelper" namespace="global">
        <metrics complexity="4" methods="2" coveredmethods="1" conditionals="0" coveredconditionals="0" statements="7" coveredstatements="6" elements="9" coveredelements="7"/>
      </class>
      <line num="17" type="method" name="getClassFromPhpDoc" visibility="public" complexity="2" crap="2" count="5"/>
      <line num="19" type="stmt" count="5"/>
      <line num="20" type="stmt" count="4"/>
      <line num="21" type="stmt" count="4"/>
      <line num="23" type="stmt" count="1"/>
      <line num="31" type="method" name="propertyIsScalar" visibility="public" complexity="2" crap="2.15" count="7"/>
      <line num="33" type="stmt" count="7"/>
      <line num="34" type="stmt" count="0"/>
      <line num="36" type="stmt" count="7"/>
      <metrics loc="39" ncloc="24" classes="1" methods="2" coveredmethods="1" conditionals="0" coveredconditionals="0" statements="7" coveredstatements="6" elements="9" coveredelements="7"/>
    </file>
    <file name="/Users/yzen.dev/Projects/opensource/plain-to-class/src/PropertyTransformer.php">
      <class name="ClassTransformer\PropertyTransformer" namespace="global">
        <metrics complexity="28" methods="5" coveredmethods="4" conditionals="0" coveredconditionals="0" statements="52" coveredstatements="51" elements="57" coveredelements="55"/>
      </class>
      <line num="43" type="method" name="__construct" visibility="public" complexity="3" crap="3" count="22"/>
      <line num="45" type="stmt" count="22"/>
      <line num="46" type="stmt" count="22"/>
      <line num="48" type="stmt" count="22"/>
      <line num="51" type="stmt" count="22"/>
      <line num="53" type="stmt" count="22"/>
      <line num="54" type="stmt" count="4"/>
      <line num="56" type="stmt" count="22"/>
      <line num="68" type="method" name="init" visibility="public" complexity="1" crap="1" count="22"/>
      <line num="70" type="stmt" count="22"/>
      <line num="77" type="method" name="validate" visibility="private" complexity="2" crap="2" count="22"/>
      <line num="79" type="stmt" count="22"/>
      <line num="80" type="stmt" count="2"/>
      <line num="90" type="method" name="transform" visibility="public" complexity="12" crap="12" count="22"/>
      <line num="93" type="stmt" count="22"/>
      <line num="96" type="stmt" count="22"/>
      <line num="98" type="stmt" count="0"/>
      <line num="102" type="stmt" count="22"/>
      <line num="103" type="stmt" count="22"/>
      <line num="104" type="stmt" count="22"/>
      <line num="107" type="stmt" count="22"/>
      <line num="108" type="stmt" count="11"/>
      <line num="109" type="stmt" count="11"/>
      <line num="113" type="stmt" count="21"/>
      <line num="114" type="stmt" count="14"/>
      <line num="115" type="stmt" count="14"/>
      <line num="118" type="stmt" count="12"/>
      <line num="119" type="stmt" count="9"/>
      <line num="120" type="stmt" count="9"/>
      <line num="121" type="stmt" count="6"/>
      <line num="123" type="stmt" count="5"/>
      <line num="126" type="stmt" count="9"/>
      <line num="127" type="stmt" count="7"/>
      <line num="128" type="stmt" count="7"/>
      <line num="130" type="stmt" count="5"/>
      <line num="133" type="stmt" count="2"/>
      <line num="134" type="stmt" count="2"/>
      <line num="137" type="stmt" count="10"/>
      <line num="138" type="stmt" count="5"/>
      <line num="139" type="stmt" count="5"/>
      <line num="141" type="stmt" count="5"/>
      <line num="143" type="stmt" count="20"/>
      <line num="183" type="method" name="searchValue" visibility="private" complexity="10" crap="10" count="22"/>
      <line num="185" type="stmt" count="22"/>
      <line num="186" type="stmt" count="19"/>
      <line num="189" type="stmt" count="13"/>
      <line num="191" type="stmt" count="13"/>
      <line num="192" type="stmt" count="11"/>
      <line num="194" type="stmt" count="3"/>
      <line num="195" type="stmt" count="3"/>
      <line num="197" type="stmt" count="3"/>
      <line num="198" type="stmt" count="3"/>
      <line num="200" type="stmt" count="1"/>
      <line num="203" type="stmt" count="2"/>
      <line num="204" type="stmt" count="2"/>
      <line num="206" type="stmt" count="1"/>
      <line num="209" type="stmt" count="1"/>
      <metrics loc="212" ncloc="132" classes="1" methods="5" coveredmethods="4" conditionals="0" coveredconditionals="0" statements="52" coveredstatements="51" elements="57" coveredelements="55"/>
    </file>
    <file name="/Users/yzen.dev/Projects/opensource/plain-to-class/src/WritingStyleUtil.php">
      <class name="ClassTransformer\WritingStyleUtil" namespace="global">
        <metrics complexity="2" methods="2" coveredmethods="2" conditionals="0" coveredconditionals="0" statements="3" coveredstatements="3" elements="5" coveredelements="5"/>
      </class>
      <line num="14" type="method" name="strToSnakeCase" visibility="public" complexity="1" crap="1" count="2"/>
      <line num="16" type="stmt" count="2"/>
      <line num="17" type="stmt" count="2"/>
      <line num="24" type="method" name="strToCamelCase" visibility="public" complexity="1" crap="1" count="1"/>
      <line num="26" type="stmt" count="1"/>
      <metrics loc="29" ncloc="18" classes="1" methods="2" coveredmethods="2" conditionals="0" coveredconditionals="0" statements="3" coveredstatements="3" elements="5" coveredelements="5"/>
    </file>
    <metrics files="10" loc="533" ncloc="355" classes="5" methods="19" coveredmethods="16" conditionals="0" coveredconditionals="0" statements="102" coveredstatements="99" elements="121" coveredelements="115"/>
  </project>
</coverage>
